<?xml version="1.0" encoding="UTF-8"?>
<!-- Generated by org.testng.reporters.JUnitXMLReporter -->
<testsuite hostname="user-PC" ignored="1" name="Test1" tests="5" failures="0" timestamp="08 Apr 2018 15:49:38 GMT" time="0.24" errors="0">
  <testcase name="method3" time="0.028" classname="executionEngine.TestNG_Operations"/>
  <testcase name="method6" time="0.056" classname="executionEngine.TestNG_Operations"/>
  <testcase name="method7" time="0.012" classname="executionEngine.TestNG_Operations"/>
  <testcase name="method8" time="0.005" classname="executionEngine.TestNG_Operations"/>
  <testcase name="method9" time="0.011" classname="executionEngine.TestNG_Operations"/>
  <testcase name="method2" time="0.0" classname="executionEngine.TestNG_Operations">
    <ignored/>
  </testcase> <!-- method2 -->
</testsuite> <!-- Test1 -->
