<?xml version="1.0" encoding="UTF-8"?>
<!-- Generated by org.testng.reporters.JUnitXMLReporter -->
<testsuite hostname="user-PC" ignored="7" name="Test" tests="6" failures="0" timestamp="10 Apr 2018 12:27:53 GMT" time="0.291" errors="0">
  <testcase name="method10" time="0.062" classname="executionEngine.TestNG_Operations"/>
  <testcase name="method10" time="0.003" classname="executionEngine.TestNG_Operations"/>
  <testcase name="method10" time="0.002" classname="executionEngine.TestNG_Operations"/>
  <testcase name="method11" time="0.003" classname="executionEngine.TestNG_Operations"/>
  <testcase name="method8" time="0.004" classname="executionEngine.TestNG_Operations"/>
  <testcase name="method9" time="0.003" classname="executionEngine.TestNG_Operations"/>
  <testcase name="method1" time="0.0" classname="executionEngine.TestNG_Operations">
    <ignored/>
  </testcase> <!-- method1 -->
  <testcase name="method3" time="0.0" classname="executionEngine.TestNG_Operations">
    <ignored/>
  </testcase> <!-- method3 -->
  <testcase name="method2" time="0.0" classname="executionEngine.TestNG_Operations">
    <ignored/>
  </testcase> <!-- method2 -->
  <testcase name="method5" time="0.0" classname="executionEngine.TestNG_Operations">
    <ignored/>
  </testcase> <!-- method5 -->
  <testcase name="method7" time="0.0" classname="executionEngine.TestNG_Operations">
    <ignored/>
  </testcase> <!-- method7 -->
  <testcase name="method6" time="0.0" classname="executionEngine.TestNG_Operations">
    <ignored/>
  </testcase> <!-- method6 -->
  <testcase name="method4" time="0.0" classname="executionEngine.TestNG_Operations">
    <ignored/>
  </testcase> <!-- method4 -->
</testsuite> <!-- Test -->
