<?xml version="1.0" encoding="UTF-8"?>
<testng-results skipped="0" failed="0" ignored="7" total="13" passed="6">
  <reporter-output>
  </reporter-output>
  <suite name="Suite" duration-ms="291" started-at="2018-04-10T12:27:53Z" finished-at="2018-04-10T12:27:53Z">
    <groups>
      <group name="group1">
        <method signature="TestNG_Operations.method10(java.lang.String, java.lang.String)[pri:0, instance:executionEngine.TestNG_Operations@271053e1]" name="method10" class="executionEngine.TestNG_Operations"/>
        <method signature="TestNG_Operations.method11(java.lang.String)[pri:0, instance:executionEngine.TestNG_Operations@271053e1]" name="method11" class="executionEngine.TestNG_Operations"/>
        <method signature="TestNG_Operations.method8()[pri:0, instance:executionEngine.TestNG_Operations@271053e1]" name="method8" class="executionEngine.TestNG_Operations"/>
        <method signature="TestNG_Operations.method9()[pri:0, instance:executionEngine.TestNG_Operations@271053e1]" name="method9" class="executionEngine.TestNG_Operations"/>
      </group> <!-- group1 -->
    </groups>
    <test name="Test" duration-ms="291" started-at="2018-04-10T12:27:53Z" finished-at="2018-04-10T12:27:53Z">
      <class name="executionEngine.TestNG_Operations">
        <test-method status="PASS" signature="method10(java.lang.String, java.lang.String)[pri:0, instance:executionEngine.TestNG_Operations@271053e1]" name="method10" duration-ms="62" started-at="2018-04-10T17:57:53Z" data-provider="getData" finished-at="2018-04-10T17:57:53Z">
          <params>
            <param index="0">
              <value>
                <![CDATA[U1]]>
              </value>
            </param>
            <param index="1">
              <value>
                <![CDATA[P1]]>
              </value>
            </param>
          </params>
          <reporter-output>
          </reporter-output>
        </test-method> <!-- method10 -->
        <test-method status="PASS" signature="method10(java.lang.String, java.lang.String)[pri:0, instance:executionEngine.TestNG_Operations@271053e1]" name="method10" duration-ms="3" started-at="2018-04-10T17:57:53Z" data-provider="getData" finished-at="2018-04-10T17:57:53Z">
          <params>
            <param index="0">
              <value>
                <![CDATA[U2]]>
              </value>
            </param>
            <param index="1">
              <value>
                <![CDATA[P2]]>
              </value>
            </param>
          </params>
          <reporter-output>
          </reporter-output>
        </test-method> <!-- method10 -->
        <test-method status="PASS" signature="method10(java.lang.String, java.lang.String)[pri:0, instance:executionEngine.TestNG_Operations@271053e1]" name="method10" duration-ms="2" started-at="2018-04-10T17:57:53Z" data-provider="getData" finished-at="2018-04-10T17:57:53Z">
          <params>
            <param index="0">
              <value>
                <![CDATA[U3]]>
              </value>
            </param>
            <param index="1">
              <value>
                <![CDATA[P3]]>
              </value>
            </param>
          </params>
          <reporter-output>
          </reporter-output>
        </test-method> <!-- method10 -->
        <test-method status="PASS" signature="method11(java.lang.String)[pri:0, instance:executionEngine.TestNG_Operations@271053e1]" name="method11" duration-ms="3" started-at="2018-04-10T17:57:53Z" finished-at="2018-04-10T17:57:53Z">
          <params>
            <param index="0">
              <value>
                <![CDATA[Firfox]]>
              </value>
            </param>
          </params>
          <reporter-output>
          </reporter-output>
        </test-method> <!-- method11 -->
        <test-method status="PASS" signature="method8()[pri:0, instance:executionEngine.TestNG_Operations@271053e1]" name="method8" duration-ms="4" started-at="2018-04-10T17:57:53Z" finished-at="2018-04-10T17:57:53Z">
          <reporter-output>
          </reporter-output>
        </test-method> <!-- method8 -->
        <test-method status="PASS" signature="method9()[pri:0, instance:executionEngine.TestNG_Operations@271053e1]" name="method9" duration-ms="3" started-at="2018-04-10T17:57:53Z" finished-at="2018-04-10T17:57:53Z">
          <reporter-output>
          </reporter-output>
        </test-method> <!-- method9 -->
      </class> <!-- executionEngine.TestNG_Operations -->
    </test> <!-- Test -->
  </suite> <!-- Suite -->
</testng-results>
