<?xml version="1.0" encoding="UTF-8"?>
<!-- Generated by org.testng.reporters.JUnitXMLReporter -->
<testsuite hostname="user-PC" ignored="1" name="Default test" tests="1" failures="0" timestamp="08 Apr 2018 15:26:55 GMT" time="0.103" errors="0">
  <testcase name="method3" time="0.019" classname="executionEngine.TestNG_Operations"/>
  <testcase name="method2" time="0.0" classname="executionEngine.TestNG_Operations">
    <ignored/>
  </testcase> <!-- method2 -->
</testsuite> <!-- Default test -->
